# JRE version: Java(TM) SE Runtime Environment (8.0_77-b03) (build 1.8.0_77-b03)
# Java VM: Java HotSpot(TM) 64-Bit Server VM (25.77-b03 mixed mode windows-amd64 compressed oops)
Heap:
 PSYoungGen      total 143360K, used 120113K [0x00000000d5e00000, 0x00000000e7700000, 0x0000000100000000)
  eden space 133120K, 90% used [0x00000000d5e00000,0x00000000dd34c678,0x00000000de000000)
  from space 10240K, 0% used [0x00000000de000000,0x00000000de000000,0x00000000dea00000)
  to   space 10752K, 0% used [0x00000000e6c80000,0x00000000e6c80000,0x00000000e7700000)
 ParOldGen       total 119808K, used 71844K [0x0000000081a00000, 0x0000000088f00000, 0x00000000d5e00000)
  object space 119808K, 59% used [0x0000000081a00000,0x0000000086029000,0x0000000088f00000)
 Metaspace       used 22693K, capacity 24046K, committed 24064K, reserved 1069056K
  class space    used 3296K, capacity 3579K, committed 3584K, reserved 1048576K
GC Heap History (10 events):
Event: 1.699 GC heap before
{Heap before GC invocations=4 (full 0):
 PSYoungGen      total 38400K, used 38363K [0x00000000d5e00000, 0x00000000da900000, 0x0000000100000000)
  eden space 33280K, 99% used [0x00000000d5e00000,0x00000000d7e7ba90,0x00000000d7e80000)
  from space 5120K, 99% used [0x00000000d7e80000,0x00000000d837b388,0x00000000d8380000)
  to   space 5120K, 0% used [0x00000000da400000,0x00000000da400000,0x00000000da900000)
 ParOldGen       total 146432K, used 124665K [0x0000000081a00000, 0x000000008a900000, 0x00000000d5e00000)
  object space 146432K, 85% used [0x0000000081a00000,0x00000000893be728,0x000000008a900000)
 Metaspace       used 19551K, capacity 20642K, committed 20864K, reserved 1067008K
  class space    used 2900K, capacity 3140K, committed 3200K, reserved 1048576K
Event: 1.707 GC heap after
Heap after GC invocations=4 (full 0):
 PSYoungGen      total 71680K, used 5115K [0x00000000d5e00000, 0x00000000da900000, 0x0000000100000000)
  eden space 66560K, 0% used [0x00000000d5e00000,0x00000000d5e00000,0x00000000d9f00000)
  from space 5120K, 99% used [0x00000000da400000,0x00000000da8fee98,0x00000000da900000)
  to   space 5120K, 0% used [0x00000000d9f00000,0x00000000d9f00000,0x00000000da400000)
 ParOldGen       total 146432K, used 130249K [0x0000000081a00000, 0x000000008a900000, 0x00000000d5e00000)
  object space 146432K, 88% used [0x0000000081a00000,0x0000000089932420,0x000000008a900000)
 Metaspace       used 19551K, capacity 20642K, committed 20864K, reserved 1067008K
  class space    used 2900K, capacity 3140K, committed 3200K, reserved 1048576K
}
Event: 1.731 GC heap before
{Heap before GC invocations=5 (full 0):
 PSYoungGen      total 71680K, used 71617K [0x00000000d5e00000, 0x00000000da900000, 0x0000000100000000)
  eden space 66560K, 99% used [0x00000000d5e00000,0x00000000d9ef1570,0x00000000d9f00000)
  from space 5120K, 99% used [0x00000000da400000,0x00000000da8fee98,0x00000000da900000)
  to   space 5120K, 0% used [0x00000000d9f00000,0x00000000d9f00000,0x00000000da400000)
 ParOldGen       total 146432K, used 130249K [0x0000000081a00000, 0x000000008a900000, 0x00000000d5e00000)
  object space 146432K, 88% used [0x0000000081a00000,0x0000000089932420,0x000000008a900000)
 Metaspace       used 19581K, capacity 20642K, committed 20864K, reserved 1067008K
  class space    used 2900K, capacity 3140K, committed 3200K, reserved 1048576K
Event: 1.736 GC heap after
Heap after GC invocations=5 (full 0):
 PSYoungGen      total 71680K, used 5119K [0x00000000d5e00000, 0x00000000df400000, 0x0000000100000000)
  eden space 66560K, 0% used [0x00000000d5e00000,0x00000000d5e00000,0x00000000d9f00000)
  from space 5120K, 99% used [0x00000000d9f00000,0x00000000da3ffd68,0x00000000da400000)
  to   space 10240K, 0% used [0x00000000dea00000,0x00000000dea00000,0x00000000df400000)
 ParOldGen       total 146432K, used 130427K [0x0000000081a00000, 0x000000008a900000, 0x00000000d5e00000)
  object space 146432K, 89% used [0x0000000081a00000,0x000000008995edb8,0x000000008a900000)
 Metaspace       used 19581K, capacity 20642K, committed 20864K, reserved 1067008K
  class space    used 2900K, capacity 3140K, committed 3200K, reserved 1048576K
}
Event: 1.750 GC heap before
{Heap before GC invocations=6 (full 0):
 PSYoungGen      total 71680K, used 71550K [0x00000000d5e00000, 0x00000000df400000, 0x0000000100000000)
  eden space 66560K, 99% used [0x00000000d5e00000,0x00000000d9edfc58,0x00000000d9f00000)
  from space 5120K, 99% used [0x00000000d9f00000,0x00000000da3ffd68,0x00000000da400000)
  to   space 10240K, 0% used [0x00000000dea00000,0x00000000dea00000,0x00000000df400000)
 ParOldGen       total 146432K, used 130427K [0x0000000081a00000, 0x000000008a900000, 0x00000000d5e00000)
  object space 146432K, 89% used [0x0000000081a00000,0x000000008995edb8,0x000000008a900000)
 Metaspace       used 19605K, capacity 20712K, committed 20864K, reserved 1067008K
  class space    used 2901K, capacity 3141K, committed 3200K, reserved 1048576K
Event: 1.755 GC heap after
Heap after GC invocations=6 (full 0):
 PSYoungGen      total 143360K, used 5131K [0x00000000d5e00000, 0x00000000df400000, 0x0000000100000000)
  eden space 133120K, 0% used [0x00000000d5e00000,0x00000000d5e00000,0x00000000de000000)
  from space 10240K, 50% used [0x00000000dea00000,0x00000000def02c90,0x00000000df400000)
  to   space 10240K, 0% used [0x00000000de000000,0x00000000de000000,0x00000000dea00000)
 ParOldGen       total 146432K, used 130427K [0x0000000081a00000, 0x000000008a900000, 0x00000000d5e00000)
  object space 146432K, 89% used [0x0000000081a00000,0x000000008995edb8,0x000000008a900000)
 Metaspace       used 19605K, capacity 20712K, committed 20864K, reserved 1067008K
  class space    used 2901K, capacity 3141K, committed 3200K, reserved 1048576K
}
Event: 1.930 GC heap before
{Heap before GC invocations=7 (full 0):
 PSYoungGen      total 143360K, used 124400K [0x00000000d5e00000, 0x00000000df400000, 0x0000000100000000)
  eden space 133120K, 89% used [0x00000000d5e00000,0x00000000dd2794d0,0x00000000de000000)
  from space 10240K, 50% used [0x00000000dea00000,0x00000000def02c90,0x00000000df400000)
  to   space 10240K, 0% used [0x00000000de000000,0x00000000de000000,0x00000000dea00000)
 ParOldGen       total 146432K, used 130427K [0x0000000081a00000, 0x000000008a900000, 0x00000000d5e00000)
  object space 146432K, 89% used [0x0000000081a00000,0x000000008995edb8,0x000000008a900000)
 Metaspace       used 20136K, capacity 21224K, committed 21296K, reserved 1067008K
  class space    used 2946K, capacity 3181K, committed 3200K, reserved 1048576K
Event: 1.936 GC heap after
Heap after GC invocations=7 (full 0):
 PSYoungGen      total 143360K, used 3740K [0x00000000d5e00000, 0x00000000e7700000, 0x0000000100000000)
  eden space 133120K, 0% used [0x00000000d5e00000,0x00000000d5e00000,0x00000000de000000)
  from space 10240K, 36% used [0x00000000de000000,0x00000000de3a73b0,0x00000000dea00000)
  to   space 10752K, 0% used [0x00000000e6c80000,0x00000000e6c80000,0x00000000e7700000)
 ParOldGen       total 146432K, used 132545K [0x0000000081a00000, 0x000000008a900000, 0x00000000d5e00000)
  object space 146432K, 90% used [0x0000000081a00000,0x0000000089b70478,0x000000008a900000)
 Metaspace       used 20136K, capacity 21224K, committed 21296K, reserved 1067008K
  class space    used 2946K, capacity 3181K, committed 3200K, reserved 1048576K
}
Event: 1.936 GC heap before
{Heap before GC invocations=8 (full 1):
 PSYoungGen      total 143360K, used 3740K [0x00000000d5e00000, 0x00000000e7700000, 0x0000000100000000)
  eden space 133120K, 0% used [0x00000000d5e00000,0x00000000d5e00000,0x00000000de000000)
  from space 10240K, 36% used [0x00000000de000000,0x00000000de3a73b0,0x00000000dea00000)
  to   space 10752K, 0% used [0x00000000e6c80000,0x00000000e6c80000,0x00000000e7700000)
 ParOldGen       total 146432K, used 132545K [0x0000000081a00000, 0x000000008a900000, 0x00000000d5e00000)
  object space 146432K, 90% used [0x0000000081a00000,0x0000000089b70478,0x000000008a900000)
 Metaspace       used 20136K, capacity 21224K, committed 21296K, reserved 1067008K
  class space    used 2946K, capacity 3181K, committed 3200K, reserved 1048576K
Event: 1.966 GC heap after
Heap after GC invocations=8 (full 1):
 PSYoungGen      total 143360K, used 0K [0x00000000d5e00000, 0x00000000e7700000, 0x0000000100000000)
  eden space 133120K, 0% used [0x00000000d5e00000,0x00000000d5e00000,0x00000000de000000)
  from space 10240K, 0% used [0x00000000de000000,0x00000000de000000,0x00000000dea00000)
  to   space 10752K, 0% used [0x00000000e6c80000,0x00000000e6c80000,0x00000000e7700000)
 ParOldGen       total 119808K, used 71844K [0x0000000081a00000, 0x0000000088f00000, 0x00000000d5e00000)
  object space 119808K, 59% used [0x0000000081a00000,0x0000000086029000,0x0000000088f00000)
 Metaspace       used 20136K, capacity 21224K, committed 21296K, reserved 1067008K
  class space    used 2946K, capacity 3181K, committed 3200K, reserved 1048576K
}

